Copyright 1986-2022 Xilinx, Inc. All Rights Reserved. Copyright 2022-2024 Advanced Micro Devices, Inc. All Rights Reserved.
---------------------------------------------------------------------------------------------------------------------------------------------
| Tool Version : Vivado v.2024.2.1 (lin64) Build 5266912 Sun Dec 15 09:03:31 MST 2024
| Date         : Sat Mar 22 17:44:19 2025
| Host         : Jinn running 64-bit Ubuntu 24.04.2 LTS
| Command      : report_utilization -file PCIe_wrapper_utilization_synth.rpt -pb PCIe_wrapper_utilization_synth.pb
| Design       : PCIe_wrapper
| Device       : xc7a200tfbg484-2
| Speed File   : -2
| Design State : Synthesized
---------------------------------------------------------------------------------------------------------------------------------------------

Utilization Design Information

Table of Contents
-----------------
1. Slice Logic
1.1 Summary of Registers by Type
2. Memory
3. DSP
4. IO and GT Specific
5. Clocking
6. Specific Feature
7. Primitives
8. Black Boxes
9. Instantiated Netlists

1. Slice Logic
--------------

+----------------------------+-------+-------+------------+-----------+-------+
|          Site Type         |  Used | Fixed | Prohibited | Available | Util% |
+----------------------------+-------+-------+------------+-----------+-------+
| Slice LUTs*                | 35255 |     0 |          0 |    134600 | 26.19 |
|   LUT as Logic             | 31135 |     0 |          0 |    134600 | 23.13 |
|   LUT as Memory            |  4120 |     0 |          0 |     46200 |  8.92 |
|     LUT as Distributed RAM |  3814 |     0 |            |           |       |
|     LUT as Shift Register  |   306 |     0 |            |           |       |
| Slice Registers            | 31588 |     0 |          0 |    269200 | 11.73 |
|   Register as Flip Flop    | 31588 |     0 |          0 |    269200 | 11.73 |
|   Register as Latch        |     0 |     0 |          0 |    269200 |  0.00 |
| F7 Muxes                   |   353 |     0 |          0 |     67300 |  0.52 |
| F8 Muxes                   |    28 |     0 |          0 |     33650 |  0.08 |
+----------------------------+-------+-------+------------+-----------+-------+
* Warning! The Final LUT count, after physical optimizations and full implementation, is typically lower. Run opt_design after synthesis, if not already completed, for a more realistic count.
Warning! LUT value is adjusted to account for LUT combining.
Warning! For any ECO changes, please run place_design if there are unplaced instances


1.1 Summary of Registers by Type
--------------------------------

+-------+--------------+-------------+--------------+
| Total | Clock Enable | Synchronous | Asynchronous |
+-------+--------------+-------------+--------------+
| 0     |            _ |           - |            - |
| 0     |            _ |           - |          Set |
| 0     |            _ |           - |        Reset |
| 0     |            _ |         Set |            - |
| 0     |            _ |       Reset |            - |
| 0     |          Yes |           - |            - |
| 390   |          Yes |           - |          Set |
| 343   |          Yes |           - |        Reset |
| 594   |          Yes |         Set |            - |
| 30261 |          Yes |       Reset |            - |
+-------+--------------+-------------+--------------+


2. Memory
---------

+-------------------+------+-------+------------+-----------+-------+
|     Site Type     | Used | Fixed | Prohibited | Available | Util% |
+-------------------+------+-------+------------+-----------+-------+
| Block RAM Tile    | 38.5 |     0 |          0 |       365 | 10.55 |
|   RAMB36/FIFO*    |   30 |     0 |          0 |       365 |  8.22 |
|     RAMB36E1 only |   30 |       |            |           |       |
|   RAMB18          |   17 |     0 |          0 |       730 |  2.33 |
|     RAMB18E1 only |   17 |       |            |           |       |
+-------------------+------+-------+------------+-----------+-------+
* Note: Each Block RAM Tile only has one FIFO logic available and therefore can accommodate only one FIFO36E1 or one FIFO18E1. However, if a FIFO18E1 occupies a Block RAM Tile, that tile can still accommodate a RAMB18E1


3. DSP
------

+-----------+------+-------+------------+-----------+-------+
| Site Type | Used | Fixed | Prohibited | Available | Util% |
+-----------+------+-------+------------+-----------+-------+
| DSPs      |    0 |     0 |          0 |       740 |  0.00 |
+-----------+------+-------+------------+-----------+-------+


4. IO and GT Specific
---------------------

+-----------------------------+------+-------+------------+-----------+-------+
|          Site Type          | Used | Fixed | Prohibited | Available | Util% |
+-----------------------------+------+-------+------------+-----------+-------+
| Bonded IOB                  |   75 |     0 |          0 |       285 | 26.32 |
| Bonded IPADs                |    6 |     0 |          0 |        14 | 42.86 |
| Bonded OPADs                |    4 |     0 |          0 |         8 | 50.00 |
| PHY_CONTROL                 |    2 |     0 |          0 |        10 | 20.00 |
| PHASER_REF                  |    2 |     0 |          0 |        10 | 20.00 |
| OUT_FIFO                    |    7 |     0 |          0 |        40 | 17.50 |
| IN_FIFO                     |    4 |     0 |          0 |        40 | 10.00 |
| IDELAYCTRL                  |    1 |     0 |          0 |        10 | 10.00 |
| IBUFDS                      |    1 |     0 |          0 |       274 |  0.36 |
| GTPE2_CHANNEL               |    2 |     0 |          0 |         4 | 50.00 |
| PHASER_OUT/PHASER_OUT_PHY   |    7 |     0 |          0 |        40 | 17.50 |
|   PHASER_OUT_PHY only       |    7 |     0 |            |           |       |
| PHASER_IN/PHASER_IN_PHY     |    4 |     0 |          0 |        40 | 10.00 |
|   PHASER_IN_PHY only        |    4 |     0 |            |           |       |
| IDELAYE2/IDELAYE2_FINEDELAY |   32 |     0 |          0 |       500 |  6.40 |
|   IDELAYE2 only             |   32 |     0 |            |           |       |
| IBUFDS_GTE2                 |    1 |     0 |          0 |         2 | 50.00 |
| ILOGIC                      |   36 |     0 |          0 |       285 | 12.63 |
|   ISERDES                   |   32 |       |          0 |       285 |       |
|   IDDR                      |    4 |       |            |           |       |
| OLOGIC                      |   73 |     0 |          0 |       285 | 25.61 |
|   OSERDES                   |   64 |       |          0 |       285 |       |
|   ODDR                      |    9 |       |            |           |       |
+-----------------------------+------+-------+------------+-----------+-------+


5. Clocking
-----------

+------------+------+-------+------------+-----------+-------+
|  Site Type | Used | Fixed | Prohibited | Available | Util% |
+------------+------+-------+------------+-----------+-------+
| BUFGCTRL   |   10 |     0 |          0 |        32 | 31.25 |
| BUFIO      |    0 |     0 |          0 |        40 |  0.00 |
| MMCME2_ADV |    3 |     0 |          0 |        10 | 30.00 |
| PLLE2_ADV  |    1 |     0 |          0 |        10 | 10.00 |
| BUFMRCE    |    0 |     0 |          0 |        20 |  0.00 |
| BUFHCE     |    1 |     0 |          0 |       120 |  0.83 |
| BUFR       |    0 |     0 |          0 |        40 |  0.00 |
+------------+------+-------+------------+-----------+-------+


6. Specific Feature
-------------------

+-------------+------+-------+------------+-----------+--------+
|  Site Type  | Used | Fixed | Prohibited | Available |  Util% |
+-------------+------+-------+------------+-----------+--------+
| BSCANE2     |    0 |     0 |          0 |         4 |   0.00 |
| CAPTUREE2   |    0 |     0 |          0 |         1 |   0.00 |
| DNA_PORT    |    0 |     0 |          0 |         1 |   0.00 |
| EFUSE_USR   |    0 |     0 |          0 |         1 |   0.00 |
| FRAME_ECCE2 |    0 |     0 |          0 |         1 |   0.00 |
| ICAPE2      |    0 |     0 |          0 |         2 |   0.00 |
| PCIE_2_1    |    1 |     0 |          0 |         1 | 100.00 |
| STARTUPE2   |    0 |     0 |          0 |         1 |   0.00 |
| XADC        |    1 |     0 |          0 |         1 | 100.00 |
+-------------+------+-------+------------+-----------+--------+


7. Primitives
-------------

+--------------------------+-------+----------------------+
|         Ref Name         |  Used |  Functional Category |
+--------------------------+-------+----------------------+
| FDRE                     | 30261 |         Flop & Latch |
| LUT6                     |  9886 |                  LUT |
| LUT3                     |  8298 |                  LUT |
| LUT5                     |  6863 |                  LUT |
| RAMD32                   |  5540 |   Distributed Memory |
| LUT4                     |  4590 |                  LUT |
| LUT2                     |  4487 |                  LUT |
| LUT1                     |  2183 |                  LUT |
| CARRY4                   |  2109 |           CarryLogic |
| RAMS32                   |  1793 |   Distributed Memory |
| FDSE                     |   594 |         Flop & Latch |
| FDPE                     |   390 |         Flop & Latch |
| MUXF7                    |   353 |                MuxFx |
| FDCE                     |   343 |         Flop & Latch |
| SRLC32E                  |   277 |   Distributed Memory |
| OSERDESE2                |    64 |                   IO |
| OBUFT                    |    36 |                   IO |
| RAMD64E                  |    32 |   Distributed Memory |
| ISERDESE2                |    32 |                   IO |
| IDELAYE2                 |    32 |                   IO |
| IBUF_INTERMDISABLE       |    32 |                   IO |
| RAMB36E1                 |    30 |         Block Memory |
| SRL16E                   |    29 |   Distributed Memory |
| OBUF                     |    29 |                   IO |
| MUXF8                    |    28 |                MuxFx |
| RAMB18E1                 |    17 |         Block Memory |
| RAMS64E                  |     9 |   Distributed Memory |
| ODDR                     |     9 |                   IO |
| BUFG                     |     9 |                Clock |
| OBUFTDS                  |     8 |                   IO |
| IBUFDS_INTERMDISABLE_INT |     8 |                   IO |
| IBUF                     |     8 |                   IO |
| PHASER_OUT_PHY           |     7 |                   IO |
| OUT_FIFO                 |     7 |                   IO |
| INV                      |     5 |                  LUT |
| PHASER_IN_PHY            |     4 |                   IO |
| IN_FIFO                  |     4 |                   IO |
| IDDR                     |     4 |                   IO |
| MMCME2_ADV               |     3 |                Clock |
| PHY_CONTROL              |     2 |                   IO |
| PHASER_REF               |     2 |                   IO |
| OBUFDS                   |     2 |                   IO |
| GTPE2_CHANNEL            |     2 |                   IO |
| XADC                     |     1 |               Others |
| PLLE2_ADV                |     1 |                Clock |
| PCIE_2_1                 |     1 | Specialized Resource |
| IDELAYCTRL               |     1 |                   IO |
| IBUFDS_GTE2              |     1 |                   IO |
| IBUFDS                   |     1 |                   IO |
| GTPE2_COMMON             |     1 |                   IO |
| BUFH                     |     1 |                Clock |
| BUFGCTRL                 |     1 |                Clock |
+--------------------------+-------+----------------------+


8. Black Boxes
--------------

+----------+------+
| Ref Name | Used |
+----------+------+


9. Instantiated Netlists
------------------------

+----------+------+
| Ref Name | Used |
+----------+------+


