Copyright 1986-2022 Xilinx, Inc. All Rights Reserved. Copyright 2022-2024 Advanced Micro Devices, Inc. All Rights Reserved.
---------------------------------------------------------------------------------------------------------------------------------------------
| Tool Version : Vivado v.2024.2.1 (lin64) Build 5266912 Sun Dec 15 09:03:31 MST 2024
| Date         : Wed Mar 19 19:29:46 2025
| Host         : Jinn running 64-bit Ubuntu 24.04.2 LTS
| Command      : report_clock_utilization -file PCIe_wrapper_clock_utilization_routed.rpt
| Design       : PCIe_wrapper
| Device       : 7a200t-fbg484
| Speed File   : -2  PRODUCTION 1.23 2018-06-13
| Design State : Routed
---------------------------------------------------------------------------------------------------------------------------------------------

Clock Utilization Report

Table of Contents
-----------------
1. Clock Primitive Utilization
2. Global Clock Resources
3. Global Clock Source Details
4. Local Clock Details
5. Clock Regions: Key Resource Utilization
6. Clock Regions : Global Clock Summary
7. Device Cell Placement Summary for Global Clock g0
8. Device Cell Placement Summary for Global Clock g1
9. Device Cell Placement Summary for Global Clock g2
10. Device Cell Placement Summary for Global Clock g3
11. Device Cell Placement Summary for Global Clock g4
12. Device Cell Placement Summary for Global Clock g5
13. Device Cell Placement Summary for Global Clock g6
14. Device Cell Placement Summary for Global Clock g7
15. Device Cell Placement Summary for Global Clock g8
16. Clock Region Cell Placement per Global Clock: Region X1Y1
17. Clock Region Cell Placement per Global Clock: Region X0Y2
18. Clock Region Cell Placement per Global Clock: Region X1Y2
19. Clock Region Cell Placement per Global Clock: Region X0Y3
20. Clock Region Cell Placement per Global Clock: Region X1Y3
21. Clock Region Cell Placement per Global Clock: Region X0Y4
22. Clock Region Cell Placement per Global Clock: Region X1Y4

1. Clock Primitive Utilization
------------------------------

+----------+------+-----------+-----+--------------+--------+
| Type     | Used | Available | LOC | Clock Region | Pblock |
+----------+------+-----------+-----+--------------+--------+
| BUFGCTRL |    8 |        32 |   0 |            0 |      0 |
| BUFH     |    1 |       120 |   0 |            0 |      0 |
| BUFIO    |    0 |        40 |   0 |            0 |      0 |
| BUFMR    |    0 |        20 |   0 |            0 |      0 |
| BUFR     |    0 |        40 |   0 |            0 |      0 |
| MMCM     |    3 |        10 |   1 |            0 |      0 |
| PLL      |    1 |        10 |   1 |            0 |      0 |
+----------+------+-----------+-----+--------------+--------+


2. Global Clock Resources
-------------------------

+-----------+-----------+-----------------+------------+----------------+--------------+-------------------+-------------+-----------------+--------------+---------------------------+---------------------------------------------------------------------------------------------------------------------------------------------------------------+---------------------------------------------------------------------------------------------------------------------------------------------------------------+
| Global Id | Source Id | Driver Type/Pin | Constraint | Site           | Clock Region | Load Clock Region | Clock Loads | Non-Clock Loads | Clock Period | Clock                     | Driver Pin                                                                                                                                                    | Net                                                                                                                                                           |
+-----------+-----------+-----------------+------------+----------------+--------------+-------------------+-------------+-----------------+--------------+---------------------------+---------------------------------------------------------------------------------------------------------------------------------------------------------------+---------------------------------------------------------------------------------------------------------------------------------------------------------------+
| g0        | src0      | BUFG/O          | None       | BUFGCTRL_X0Y0  | n/a          |                 6 |       23218 |               0 |        8.000 | userclk1                  | PCIe_i/xdma_0/inst/PCIe_xdma_0_1_pcie2_to_pcie3_wrapper_i/pcie2_ip_i/inst/inst/gt_top_i/pipe_wrapper_i/pipe_clock_int.pipe_clock_i/userclk1_i1.usrclk1_i1/O   | PCIe_i/xdma_0/inst/PCIe_xdma_0_1_pcie2_to_pcie3_wrapper_i/pcie2_ip_i/inst/inst/gt_top_i/pipe_wrapper_i/pipe_clock_int.pipe_clock_i/userclk1_i1.usrclk1_i1_0   |
| g1        | src1      | BUFG/O          | None       | BUFGCTRL_X0Y1  | n/a          |                 5 |        7196 |               0 |       10.000 | clk_pll_i                 | PCIe_i/mig_7series_0/u_PCIe_mig_7series_0_0_mig/u_ddr3_infrastructure/u_bufg_clkdiv0/O                                                                        | PCIe_i/mig_7series_0/u_PCIe_mig_7series_0_0_mig/u_ddr3_infrastructure/CLK                                                                                     |
| g2        | src2      | BUFGCTRL/O      | None       | BUFGCTRL_X0Y2  | n/a          |                 1 |         610 |               0 |        8.000 | clk_125mhz_x0y0           | PCIe_i/xdma_0/inst/PCIe_xdma_0_1_pcie2_to_pcie3_wrapper_i/pcie2_ip_i/inst/inst/gt_top_i/pipe_wrapper_i/pipe_clock_int.pipe_clock_i/pclk_i1_bufgctrl.pclk_i1/O | PCIe_i/xdma_0/inst/PCIe_xdma_0_1_pcie2_to_pcie3_wrapper_i/pcie2_ip_i/inst/inst/gt_top_i/pipe_wrapper_i/pipe_clock_int.pipe_clock_i/pclk_i1_bufgctrl.pclk_i1_0 |
| g2        | src3      | BUFGCTRL/O      | None       | BUFGCTRL_X0Y2  | n/a          |                 1 |         610 |               0 |        8.000 | clk_250mhz_x0y0           | PCIe_i/xdma_0/inst/PCIe_xdma_0_1_pcie2_to_pcie3_wrapper_i/pcie2_ip_i/inst/inst/gt_top_i/pipe_wrapper_i/pipe_clock_int.pipe_clock_i/pclk_i1_bufgctrl.pclk_i1/O | PCIe_i/xdma_0/inst/PCIe_xdma_0_1_pcie2_to_pcie3_wrapper_i/pcie2_ip_i/inst/inst/gt_top_i/pipe_wrapper_i/pipe_clock_int.pipe_clock_i/pclk_i1_bufgctrl.pclk_i1_0 |
| g3        | src2      | BUFG/O          | None       | BUFGCTRL_X0Y3  | n/a          |                 2 |         209 |               0 |        8.000 | clk_125mhz_x0y0           | PCIe_i/xdma_0/inst/PCIe_xdma_0_1_pcie2_to_pcie3_wrapper_i/pcie2_ip_i/inst/inst/gt_top_i/pipe_wrapper_i/pipe_clock_int.pipe_clock_i/dclk_i_bufg.dclk_i/O       | PCIe_i/xdma_0/inst/PCIe_xdma_0_1_pcie2_to_pcie3_wrapper_i/pcie2_ip_i/inst/inst/gt_top_i/pipe_wrapper_i/pipe_clock_int.pipe_clock_i/CLK                        |
| g4        | src4      | BUFG/O          | None       | BUFGCTRL_X0Y16 | n/a          |                 3 |          63 |               0 |        5.000 | clk_out1_PCIe_clk_wiz_0_0 | PCIe_i/clk_wiz_0/inst/clkout1_buf/O                                                                                                                           | PCIe_i/clk_wiz_0/inst/clk_out1                                                                                                                                |
| g5        | src5      | BUFG/O          | None       | BUFGCTRL_X0Y17 | n/a          |                 1 |           9 |               0 |       10.000 | sys_clk                   | PCIe_i/xdma_0/inst/PCIe_xdma_0_1_pcie2_to_pcie3_wrapper_i/pcie2_ip_i/inst/inst/gt_top_i/pipe_wrapper_i/cpllpd_refclk_inst/O                                   | PCIe_i/xdma_0/inst/PCIe_xdma_0_1_pcie2_to_pcie3_wrapper_i/pcie2_ip_i/inst/inst/gt_top_i/pipe_wrapper_i/gt_cpllpdrefclk                                        |
| g6        | src6      | BUFG/O          | None       | BUFGCTRL_X0Y18 | n/a          |                 1 |           1 |               0 |        5.000 | clkfbout_PCIe_clk_wiz_0_0 | PCIe_i/clk_wiz_0/inst/clkf_buf/O                                                                                                                              | PCIe_i/clk_wiz_0/inst/clkfbout_buf_PCIe_clk_wiz_0_0                                                                                                           |
| g7        | src7      | BUFH/O          | None       | BUFHCE_X1Y24   | X1Y2         |                 1 |           1 |               0 |       10.000 | pll_clk3_out              | PCIe_i/mig_7series_0/u_PCIe_mig_7series_0_0_mig/u_ddr3_infrastructure/u_bufh_pll_clk3/O                                                                       | PCIe_i/mig_7series_0/u_PCIe_mig_7series_0_0_mig/u_ddr3_infrastructure/pll_clk3                                                                                |
| g8        | src8      | BUFG/O          | None       | BUFGCTRL_X0Y19 | n/a          |                 1 |           1 |               0 |       10.000 | txoutclk_x0y0             | PCIe_i/xdma_0/inst/PCIe_xdma_0_1_pcie2_to_pcie3_wrapper_i/pcie2_ip_i/inst/inst/gt_top_i/pipe_wrapper_i/pipe_clock_int.pipe_clock_i/txoutclk_i.txoutclk_i/O    | PCIe_i/xdma_0/inst/PCIe_xdma_0_1_pcie2_to_pcie3_wrapper_i/pcie2_ip_i/inst/inst/gt_top_i/pipe_wrapper_i/pipe_clock_int.pipe_clock_i/refclk                     |
+-----------+-----------+-----------------+------------+----------------+--------------+-------------------+-------------+-----------------+--------------+---------------------------+---------------------------------------------------------------------------------------------------------------------------------------------------------------+---------------------------------------------------------------------------------------------------------------------------------------------------------------+
* Clock Loads column represents cell count of net connects that connect to a clock pin. Internal cell leaf pins are not considered
** Non-Clock Loads column represents cell count of non-clock pin loads


3. Global Clock Source Details
------------------------------

+-----------+-----------+------------------------+--------------------+--------------------+--------------+-------------+-----------------+---------------------+---------------------------+-----------------------------------------------------------------------------------------------------------------------------------------------------------------------+----------------------------------------------------------------------------------------------------------------------------------------------------------------+
| Source Id | Global Id | Driver Type/Pin        | Constraint         | Site               | Clock Region | Clock Loads | Non-Clock Loads | Source Clock Period | Source Clock              | Driver Pin                                                                                                                                                            | Net                                                                                                                                                            |
+-----------+-----------+------------------------+--------------------+--------------------+--------------+-------------+-----------------+---------------------+---------------------------+-----------------------------------------------------------------------------------------------------------------------------------------------------------------------+----------------------------------------------------------------------------------------------------------------------------------------------------------------+
| src0      | g0        | MMCME2_ADV/CLKOUT2     | None               | MMCME2_ADV_X0Y2    | X0Y2         |           1 |               0 |               8.000 | userclk1                  | PCIe_i/xdma_0/inst/PCIe_xdma_0_1_pcie2_to_pcie3_wrapper_i/pcie2_ip_i/inst/inst/gt_top_i/pipe_wrapper_i/pipe_clock_int.pipe_clock_i/mmcm_i/CLKOUT2                     | PCIe_i/xdma_0/inst/PCIe_xdma_0_1_pcie2_to_pcie3_wrapper_i/pcie2_ip_i/inst/inst/gt_top_i/pipe_wrapper_i/pipe_clock_int.pipe_clock_i/userclk1                    |
| src1      | g1        | MMCME2_ADV/CLKFBOUT    | MMCME2_ADV_X1Y2    | MMCME2_ADV_X1Y2    | X1Y2         |           1 |               0 |              10.000 | clk_pll_i                 | PCIe_i/mig_7series_0/u_PCIe_mig_7series_0_0_mig/u_ddr3_infrastructure/gen_mmcm.mmcm_i/CLKFBOUT                                                                        | PCIe_i/mig_7series_0/u_PCIe_mig_7series_0_0_mig/u_ddr3_infrastructure/clk_pll_i                                                                                |
| src2      | g2        | MMCME2_ADV/CLKOUT0     | None               | MMCME2_ADV_X0Y2    | X0Y2         |           2 |               0 |               8.000 | clk_125mhz_x0y0           | PCIe_i/xdma_0/inst/PCIe_xdma_0_1_pcie2_to_pcie3_wrapper_i/pcie2_ip_i/inst/inst/gt_top_i/pipe_wrapper_i/pipe_clock_int.pipe_clock_i/mmcm_i/CLKOUT0                     | PCIe_i/xdma_0/inst/PCIe_xdma_0_1_pcie2_to_pcie3_wrapper_i/pcie2_ip_i/inst/inst/gt_top_i/pipe_wrapper_i/pipe_clock_int.pipe_clock_i/clk_125mhz                  |
| src2      | g3        | MMCME2_ADV/CLKOUT0     | None               | MMCME2_ADV_X0Y2    | X0Y2         |           2 |               0 |               8.000 | clk_125mhz_x0y0           | PCIe_i/xdma_0/inst/PCIe_xdma_0_1_pcie2_to_pcie3_wrapper_i/pcie2_ip_i/inst/inst/gt_top_i/pipe_wrapper_i/pipe_clock_int.pipe_clock_i/mmcm_i/CLKOUT0                     | PCIe_i/xdma_0/inst/PCIe_xdma_0_1_pcie2_to_pcie3_wrapper_i/pcie2_ip_i/inst/inst/gt_top_i/pipe_wrapper_i/pipe_clock_int.pipe_clock_i/clk_125mhz                  |
| src3      | g2        | MMCME2_ADV/CLKOUT1     | None               | MMCME2_ADV_X0Y2    | X0Y2         |           0 |               0 |               4.000 | clk_250mhz_x0y0           | PCIe_i/xdma_0/inst/PCIe_xdma_0_1_pcie2_to_pcie3_wrapper_i/pcie2_ip_i/inst/inst/gt_top_i/pipe_wrapper_i/pipe_clock_int.pipe_clock_i/mmcm_i/CLKOUT1                     | PCIe_i/xdma_0/inst/PCIe_xdma_0_1_pcie2_to_pcie3_wrapper_i/pcie2_ip_i/inst/inst/gt_top_i/pipe_wrapper_i/pipe_clock_int.pipe_clock_i/clk_250mhz                  |
| src4      | g4        | MMCME2_ADV/CLKOUT0     | None               | MMCME2_ADV_X1Y4    | X1Y4         |           1 |               0 |               5.000 | clk_out1_PCIe_clk_wiz_0_0 | PCIe_i/clk_wiz_0/inst/mmcm_adv_inst/CLKOUT0                                                                                                                           | PCIe_i/clk_wiz_0/inst/clk_out1_PCIe_clk_wiz_0_0                                                                                                                |
| src5      | g5        | IBUFDS_GTE2/O          | IBUFDS_GTE2_X0Y3   | IBUFDS_GTE2_X0Y3   | X0Y4         |           2 |               0 |              10.000 | sys_clk                   | PCIe_i/util_ds_buf_0/U0/USE_IBUFDS_GTE2.GEN_IBUFDS_GTE2[0].IBUFDS_GTE2_I/O                                                                                            | PCIe_i/util_ds_buf_0/U0/IBUF_OUT[0]                                                                                                                            |
| src6      | g6        | MMCME2_ADV/CLKFBOUT    | None               | MMCME2_ADV_X1Y4    | X1Y4         |           1 |               0 |               5.000 | clkfbout_PCIe_clk_wiz_0_0 | PCIe_i/clk_wiz_0/inst/mmcm_adv_inst/CLKFBOUT                                                                                                                          | PCIe_i/clk_wiz_0/inst/clkfbout_PCIe_clk_wiz_0_0                                                                                                                |
| src7      | g7        | PLLE2_ADV/CLKOUT3      | PLLE2_ADV_X1Y2     | PLLE2_ADV_X1Y2     | X1Y2         |           1 |               0 |              10.000 | pll_clk3_out              | PCIe_i/mig_7series_0/u_PCIe_mig_7series_0_0_mig/u_ddr3_infrastructure/plle2_i/CLKOUT3                                                                                 | PCIe_i/mig_7series_0/u_PCIe_mig_7series_0_0_mig/u_ddr3_infrastructure/pll_clk3_out                                                                             |
| src8      | g8        | GTPE2_CHANNEL/TXOUTCLK | GTPE2_CHANNEL_X0Y7 | GTPE2_CHANNEL_X0Y7 | X0Y4         |           1 |               0 |              10.000 | txoutclk_x0y0             | PCIe_i/xdma_0/inst/PCIe_xdma_0_1_pcie2_to_pcie3_wrapper_i/pcie2_ip_i/inst/inst/gt_top_i/pipe_wrapper_i/pipe_lane[0].gt_wrapper_i/gtp_channel.gtpe2_channel_i/TXOUTCLK | PCIe_i/xdma_0/inst/PCIe_xdma_0_1_pcie2_to_pcie3_wrapper_i/pcie2_ip_i/inst/inst/gt_top_i/pipe_wrapper_i/pipe_lane[0].gt_wrapper_i/gtp_channel.gtpe2_channel_i_3 |
+-----------+-----------+------------------------+--------------------+--------------------+--------------+-------------+-----------------+---------------------+---------------------------+-----------------------------------------------------------------------------------------------------------------------------------------------------------------------+----------------------------------------------------------------------------------------------------------------------------------------------------------------+
* Clock Loads column represents cell count of net connects that connect to a clock pin. Internal cell leaf pins are not considered
** Non-Clock Loads column represents cell count of non-clock pin loads


4. Local Clock Details
----------------------

+----------+----------------------------+----------------------+-------------------------------------+--------------+-------------+-----------------+--------------+---------------+-------------------------------------------------------------------------------------------------------------------------------------------------------------------------------------------------------------------------------+----------------------------------------------------------------------------------------------------------------------------------------------------------------------------------------------------------------------+
| Local Id | Driver Type/Pin            | Constraint           | Site/BEL                            | Clock Region | Clock Loads | Non-Clock Loads | Clock Period | Clock         | Driver Pin                                                                                                                                                                                                                    | Net                                                                                                                                                                                                                  |
+----------+----------------------------+----------------------+-------------------------------------+--------------+-------------+-----------------+--------------+---------------+-------------------------------------------------------------------------------------------------------------------------------------------------------------------------------------------------------------------------------+----------------------------------------------------------------------------------------------------------------------------------------------------------------------------------------------------------------------+
| 0        | PLLE2_ADV/CLKOUT0          | PLLE2_ADV_X1Y2       | PLLE2_ADV_X1Y2/PLLE2_ADV            | X1Y2         |           9 |               4 |        1.250 | freq_refclk   | PCIe_i/mig_7series_0/u_PCIe_mig_7series_0_0_mig/u_ddr3_infrastructure/plle2_i/CLKOUT0                                                                                                                                         | PCIe_i/mig_7series_0/u_PCIe_mig_7series_0_0_mig/u_ddr3_infrastructure/freq_refclk                                                                                                                                    |
| 1        | PLLE2_ADV/CLKOUT1          | PLLE2_ADV_X1Y2       | PLLE2_ADV_X1Y2/PLLE2_ADV            | X1Y2         |           2 |              11 |        2.500 | mem_refclk    | PCIe_i/mig_7series_0/u_PCIe_mig_7series_0_0_mig/u_ddr3_infrastructure/plle2_i/CLKOUT1                                                                                                                                         | PCIe_i/mig_7series_0/u_PCIe_mig_7series_0_0_mig/u_ddr3_infrastructure/mem_refclk                                                                                                                                     |
| 2        | PHASER_OUT_PHY/OCLKDELAYED | PHASER_OUT_PHY_X1Y12 | PHASER_OUT_PHY_X1Y12/PHASER_OUT_PHY | X1Y3         |           2 |               0 |        2.500 | oserdes_clk   | PCIe_i/mig_7series_0/u_PCIe_mig_7series_0_0_mig/u_memc_ui_top_axi/mem_intfc0/ddr_phy_top0/u_ddr_mc_phy_wrapper/u_ddr_mc_phy/ddr_phy_4lanes_0.u_ddr_phy_4lanes/ddr_byte_lane_A.ddr_byte_lane_A/phaser_out/OCLKDELAYED          | PCIe_i/mig_7series_0/u_PCIe_mig_7series_0_0_mig/u_memc_ui_top_axi/mem_intfc0/ddr_phy_top0/u_ddr_mc_phy_wrapper/u_ddr_mc_phy/ddr_phy_4lanes_0.u_ddr_phy_4lanes/ddr_byte_lane_A.ddr_byte_lane_A/oserdes_clk_delayed    |
| 3        | PHASER_OUT_PHY/OCLKDELAYED | PHASER_OUT_PHY_X1Y13 | PHASER_OUT_PHY_X1Y13/PHASER_OUT_PHY | X1Y3         |           2 |               0 |        2.500 | oserdes_clk_1 | PCIe_i/mig_7series_0/u_PCIe_mig_7series_0_0_mig/u_memc_ui_top_axi/mem_intfc0/ddr_phy_top0/u_ddr_mc_phy_wrapper/u_ddr_mc_phy/ddr_phy_4lanes_0.u_ddr_phy_4lanes/ddr_byte_lane_B.ddr_byte_lane_B/phaser_out/OCLKDELAYED          | PCIe_i/mig_7series_0/u_PCIe_mig_7series_0_0_mig/u_memc_ui_top_axi/mem_intfc0/ddr_phy_top0/u_ddr_mc_phy_wrapper/u_ddr_mc_phy/ddr_phy_4lanes_0.u_ddr_phy_4lanes/ddr_byte_lane_B.ddr_byte_lane_B/oserdes_clk_delayed    |
| 4        | PHASER_OUT_PHY/OCLKDELAYED | PHASER_OUT_PHY_X1Y14 | PHASER_OUT_PHY_X1Y14/PHASER_OUT_PHY | X1Y3         |           2 |               0 |        2.500 | oserdes_clk_2 | PCIe_i/mig_7series_0/u_PCIe_mig_7series_0_0_mig/u_memc_ui_top_axi/mem_intfc0/ddr_phy_top0/u_ddr_mc_phy_wrapper/u_ddr_mc_phy/ddr_phy_4lanes_0.u_ddr_phy_4lanes/ddr_byte_lane_C.ddr_byte_lane_C/phaser_out/OCLKDELAYED          | PCIe_i/mig_7series_0/u_PCIe_mig_7series_0_0_mig/u_memc_ui_top_axi/mem_intfc0/ddr_phy_top0/u_ddr_mc_phy_wrapper/u_ddr_mc_phy/ddr_phy_4lanes_0.u_ddr_phy_4lanes/ddr_byte_lane_C.ddr_byte_lane_C/oserdes_clk_delayed    |
| 5        | PHASER_OUT_PHY/OCLKDELAYED | PHASER_OUT_PHY_X1Y15 | PHASER_OUT_PHY_X1Y15/PHASER_OUT_PHY | X1Y3         |           2 |               0 |        2.500 | oserdes_clk_3 | PCIe_i/mig_7series_0/u_PCIe_mig_7series_0_0_mig/u_memc_ui_top_axi/mem_intfc0/ddr_phy_top0/u_ddr_mc_phy_wrapper/u_ddr_mc_phy/ddr_phy_4lanes_0.u_ddr_phy_4lanes/ddr_byte_lane_D.ddr_byte_lane_D/phaser_out/OCLKDELAYED          | PCIe_i/mig_7series_0/u_PCIe_mig_7series_0_0_mig/u_memc_ui_top_axi/mem_intfc0/ddr_phy_top0/u_ddr_mc_phy_wrapper/u_ddr_mc_phy/ddr_phy_4lanes_0.u_ddr_phy_4lanes/ddr_byte_lane_D.ddr_byte_lane_D/oserdes_clk_delayed    |
| 6        | GTPE2_COMMON/PLL0OUTCLK    | GTPE2_COMMON_X0Y1    | GTPE2_COMMON_X0Y1/GTPE2_COMMON      | X0Y4         |           2 |               0 |              |               | PCIe_i/xdma_0/inst/PCIe_xdma_0_1_pcie2_to_pcie3_wrapper_i/pcie2_ip_i/inst/inst/gt_top_i/pipe_wrapper_i/pipe_lane[0].pipe_quad.gt_common_enabled.gt_common_int.gt_common_i/qpll_wrapper_i/gtp_common.gtpe2_common_i/PLL0OUTCLK | PCIe_i/xdma_0/inst/PCIe_xdma_0_1_pcie2_to_pcie3_wrapper_i/pcie2_ip_i/inst/inst/gt_top_i/pipe_wrapper_i/pipe_lane[0].pipe_quad.gt_common_enabled.gt_common_int.gt_common_i/qpll_wrapper_i/gtp_common.gtpe2_common_i_0 |
| 7        | FDRE/Q                     | None                 | SLICE_X42Y239/BFF                   | X0Y4         |           1 |               0 |              |               | PCIe_i/xdma_0/inst/PCIe_xdma_0_1_pcie2_to_pcie3_wrapper_i/pcie2_ip_i/inst/inst/gt_top_i/pipe_wrapper_i/pipe_lane[0].pipe_user_i/oobclk_div.oobclk_reg/Q                                                                       | PCIe_i/xdma_0/inst/PCIe_xdma_0_1_pcie2_to_pcie3_wrapper_i/pcie2_ip_i/inst/inst/gt_top_i/pipe_wrapper_i/pipe_lane[0].pipe_user_i/user_oobclk_0                                                                        |
| 8        | FDRE/Q                     | None                 | SLICE_X43Y232/CFF                   | X0Y4         |           1 |               0 |              |               | PCIe_i/xdma_0/inst/PCIe_xdma_0_1_pcie2_to_pcie3_wrapper_i/pcie2_ip_i/inst/inst/gt_top_i/pipe_wrapper_i/pipe_lane[1].pipe_user_i/oobclk_div.oobclk_reg/Q                                                                       | PCIe_i/xdma_0/inst/PCIe_xdma_0_1_pcie2_to_pcie3_wrapper_i/pcie2_ip_i/inst/inst/gt_top_i/pipe_wrapper_i/pipe_lane[1].pipe_user_i/user_oobclk_1                                                                        |
+----------+----------------------------+----------------------+-------------------------------------+--------------+-------------+-----------------+--------------+---------------+-------------------------------------------------------------------------------------------------------------------------------------------------------------------------------------------------------------------------------+----------------------------------------------------------------------------------------------------------------------------------------------------------------------------------------------------------------------+
* Local Clocks in this context represents only clocks driven by non-global buffers
** Clock Loads column represents cell count of net connects that connect to a clock pin. Internal cell leaf pins are not considered
*** Non-Clock Loads column represents cell count of non-clock pin loads


5. Clock Regions: Key Resource Utilization
------------------------------------------

+-------------------+--------------+--------------+--------------+--------------+--------------+--------------+--------------+--------------+--------------+--------------+--------------+--------------+--------------+--------------+--------------+
|                   | Global Clock |     BUFRs    |    BUFMRs    |    BUFIOs    |     MMCM     |      PLL     |      GT      |      PCI     |    ILOGIC    |    OLOGIC    |      FF      |     LUTM     |    RAMB18    |    RAMB36    |    DSP48E2   |
+-------------------+------+-------+------+-------+------+-------+------+-------+------+-------+------+-------+------+-------+------+-------+------+-------+------+-------+------+-------+------+-------+------+-------+------+-------+------+-------+
| Clock Region Name | Used | Avail | Used | Avail | Used | Avail | Used | Avail | Used | Avail | Used | Avail | Used | Avail | Used | Avail | Used | Avail | Used | Avail | Used | Avail | Used | Avail | Used | Avail | Used | Avail | Used | Avail |
+-------------------+------+-------+------+-------+------+-------+------+-------+------+-------+------+-------+------+-------+------+-------+------+-------+------+-------+------+-------+------+-------+------+-------+------+-------+------+-------+
| X0Y0              |    0 |    12 |    0 |     4 |    0 |     2 |    0 |     4 |    0 |     1 |    0 |     1 |    0 |     4 |    0 |     0 |    0 |    50 |    0 |    50 |    0 |  2700 |    0 |   800 |    0 |    60 |    0 |    30 |    0 |    60 |
| X1Y0              |    0 |    12 |    0 |     4 |    0 |     2 |    0 |     4 |    0 |     1 |    0 |     1 |    0 |     4 |    0 |     0 |    0 |    50 |    0 |    50 |    0 |  2500 |    0 |   800 |    0 |    40 |    0 |    20 |    0 |    40 |
| X0Y1              |    0 |    12 |    0 |     4 |    0 |     2 |    0 |     4 |    0 |     1 |    0 |     1 |    0 |     0 |    0 |     0 |    0 |    50 |    0 |    50 |    0 |  4200 |    0 |  1400 |    0 |   100 |    0 |    50 |    0 |   100 |
| X1Y1              |    1 |    12 |    0 |     4 |    0 |     2 |    0 |     4 |    0 |     1 |    0 |     1 |    0 |     0 |    0 |     0 |    0 |    50 |    0 |    50 |  104 |  4000 |   25 |  1400 |    0 |    80 |    0 |    40 |    0 |    80 |
| X0Y2              |    3 |    12 |    0 |     4 |    0 |     2 |    0 |     4 |    1 |     1 |    0 |     1 |    0 |     0 |    0 |     0 |    0 |    50 |    0 |    50 | 2869 |  3600 | 1062 |  1400 |    4 |   100 |    2 |    50 |    0 |   100 |
| X1Y2              |    4 |    12 |    0 |     4 |    0 |     2 |    0 |     4 |    1 |     1 |    1 |     1 |    0 |     0 |    0 |     0 |    0 |    50 |    0 |    50 | 9100 |  4000 | 3193 |  1400 |    4 |    80 |    9 |    40 |    0 |    80 |
| X0Y3              |    3 |    12 |    0 |     4 |    0 |     2 |    0 |     4 |    0 |     1 |    0 |     1 |    0 |     0 |    0 |     0 |    0 |    50 |    0 |    50 | 5983 |  3600 | 2142 |  1400 |    0 |   100 |    6 |    50 |    0 |   100 |
| X1Y3              |    3 |    12 |    0 |     4 |    0 |     2 |    0 |     4 |    0 |     1 |    0 |     1 |    0 |     0 |    0 |     0 |    0 |    50 |    8 |    50 | 9955 |  4000 | 2936 |  1400 |    0 |    80 |    5 |    40 |    0 |    80 |
| X0Y4              |    4 |    12 |    0 |     4 |    0 |     2 |    0 |     4 |    0 |     1 |    0 |     1 |    2 |     4 |    1 |     1 |    0 |    50 |    0 |    50 | 1126 |  2550 |  466 |   750 |    0 |    50 |    8 |    25 |    0 |    60 |
| X1Y4              |    3 |    12 |    0 |     4 |    0 |     2 |    0 |     4 |    1 |     1 |    0 |     1 |    0 |     4 |    0 |     0 |    0 |    50 |    0 |    50 |  754 |  2500 |  207 |   800 |    0 |    40 |    0 |    20 |    0 |    40 |
+-------------------+------+-------+------+-------+------+-------+------+-------+------+-------+------+-------+------+-------+------+-------+------+-------+------+-------+------+-------+------+-------+------+-------+------+-------+------+-------+
* Global Clock column represents track count; while other columns represents cell counts


6. Clock Regions : Global Clock Summary
---------------------------------------

All Modules
+----+----+----+
|    | X0 | X1 |
+----+----+----+
| Y4 |  0 |  0 |
| Y3 |  0 |  0 |
| Y2 |  0 |  0 |
| Y1 |  0 |  0 |
| Y0 |  0 |  0 |
+----+----+----+


7. Device Cell Placement Summary for Global Clock g0
----------------------------------------------------

+-----------+-----------------+-------------------+----------+-------------+---------------+-------------+----------+----------------+----------+-------------------------------------------------------------------------------------------------------------------------------------------------------------+
| Global Id | Driver Type/Pin | Driver Region (D) | Clock    | Period (ns) | Waveform (ns) | Slice Loads | IO Loads | Clocking Loads | GT Loads | Net                                                                                                                                                         |
+-----------+-----------------+-------------------+----------+-------------+---------------+-------------+----------+----------------+----------+-------------------------------------------------------------------------------------------------------------------------------------------------------------+
| g0        | BUFG/O          | n/a               | userclk1 |       8.000 | {0.000 4.000} |       22481 |        0 |              0 |        0 | PCIe_i/xdma_0/inst/PCIe_xdma_0_1_pcie2_to_pcie3_wrapper_i/pcie2_ip_i/inst/inst/gt_top_i/pipe_wrapper_i/pipe_clock_int.pipe_clock_i/userclk1_i1.usrclk1_i1_0 |
+-----------+-----------------+-------------------+----------+-------------+---------------+-------------+----------+----------------+----------+-------------------------------------------------------------------------------------------------------------------------------------------------------------+
* Slice Loads column represents load cell count of all cell types other than IO, GT and clock resources
** IO Loads column represents load cell count of IO types
*** Clocking Loads column represents load cell count that are clock resources (global clock buffer, MMCM, PLL, etc)
**** GT Loads column represents load cell count of GT types


+----+-------+-------+-----------------------+
|    | X0    | X1    | HORIZONTAL PROG DELAY |
+----+-------+-------+-----------------------+
| Y4 |   335 |   745 |                     0 |
| Y3 |  5638 |  8492 |                     0 |
| Y2 |  2825 |  4446 |                     0 |
| Y1 |     0 |     0 |                     - |
| Y0 |     0 |     0 |                     - |
+----+-------+-------+-----------------------+


8. Device Cell Placement Summary for Global Clock g1
----------------------------------------------------

+-----------+-----------------+-------------------+-----------+-------------+---------------+-------------+----------+----------------+----------+---------------------------------------------------------------------------+
| Global Id | Driver Type/Pin | Driver Region (D) | Clock     | Period (ns) | Waveform (ns) | Slice Loads | IO Loads | Clocking Loads | GT Loads | Net                                                                       |
+-----------+-----------------+-------------------+-----------+-------------+---------------+-------------+----------+----------------+----------+---------------------------------------------------------------------------+
| g1        | BUFG/O          | n/a               | clk_pll_i |      10.000 | {0.000 5.000} |        6936 |        0 |              1 |        0 | PCIe_i/mig_7series_0/u_PCIe_mig_7series_0_0_mig/u_ddr3_infrastructure/CLK |
+-----------+-----------------+-------------------+-----------+-------------+---------------+-------------+----------+----------------+----------+---------------------------------------------------------------------------+
* Slice Loads column represents load cell count of all cell types other than IO, GT and clock resources
** IO Loads column represents load cell count of IO types
*** Clocking Loads column represents load cell count that are clock resources (global clock buffer, MMCM, PLL, etc)
**** GT Loads column represents load cell count of GT types


+----+------+-------+-----------------------+
|    | X0   | X1    | HORIZONTAL PROG DELAY |
+----+------+-------+-----------------------+
| Y4 |    0 |     0 |                     - |
| Y3 |  307 |  1519 |                     0 |
| Y2 |   65 |  4942 |                     0 |
| Y1 |    0 |   104 |                     0 |
| Y0 |    0 |     0 |                     - |
+----+------+-------+-----------------------+


9. Device Cell Placement Summary for Global Clock g2
----------------------------------------------------

+-----------+-----------------+-------------------+----------+-------------+---------------+-------------+----------+----------------+----------+---------------------------------------------------------------------------------------------------------------------------------------------------------------+
| Global Id | Driver Type/Pin | Driver Region (D) | Clock    | Period (ns) | Waveform (ns) | Slice Loads | IO Loads | Clocking Loads | GT Loads | Net                                                                                                                                                           |
+-----------+-----------------+-------------------+----------+-------------+---------------+-------------+----------+----------------+----------+---------------------------------------------------------------------------------------------------------------------------------------------------------------+
| g2        | BUFGCTRL/O      | n/a               | Multiple |       8.000 | {0.000 4.000} |         608 |        0 |              0 |        2 | PCIe_i/xdma_0/inst/PCIe_xdma_0_1_pcie2_to_pcie3_wrapper_i/pcie2_ip_i/inst/inst/gt_top_i/pipe_wrapper_i/pipe_clock_int.pipe_clock_i/pclk_i1_bufgctrl.pclk_i1_0 |
+-----------+-----------------+-------------------+----------+-------------+---------------+-------------+----------+----------------+----------+---------------------------------------------------------------------------------------------------------------------------------------------------------------+
* Slice Loads column represents load cell count of all cell types other than IO, GT and clock resources
** IO Loads column represents load cell count of IO types
*** Clocking Loads column represents load cell count that are clock resources (global clock buffer, MMCM, PLL, etc)
**** GT Loads column represents load cell count of GT types


+----+------+----+-----------------------+
|    | X0   | X1 | HORIZONTAL PROG DELAY |
+----+------+----+-----------------------+
| Y4 |  610 |  0 |                     0 |
| Y3 |    0 |  0 |                     - |
| Y2 |    0 |  0 |                     - |
| Y1 |    0 |  0 |                     - |
| Y0 |    0 |  0 |                     - |
+----+------+----+-----------------------+


10. Device Cell Placement Summary for Global Clock g3
-----------------------------------------------------

+-----------+-----------------+-------------------+-----------------+-------------+---------------+-------------+----------+----------------+----------+----------------------------------------------------------------------------------------------------------------------------------------+
| Global Id | Driver Type/Pin | Driver Region (D) | Clock           | Period (ns) | Waveform (ns) | Slice Loads | IO Loads | Clocking Loads | GT Loads | Net                                                                                                                                    |
+-----------+-----------------+-------------------+-----------------+-------------+---------------+-------------+----------+----------------+----------+----------------------------------------------------------------------------------------------------------------------------------------+
| g3        | BUFG/O          | n/a               | clk_125mhz_x0y0 |       8.000 | {0.000 4.000} |         206 |        0 |              0 |        3 | PCIe_i/xdma_0/inst/PCIe_xdma_0_1_pcie2_to_pcie3_wrapper_i/pcie2_ip_i/inst/inst/gt_top_i/pipe_wrapper_i/pipe_clock_int.pipe_clock_i/CLK |
+-----------+-----------------+-------------------+-----------------+-------------+---------------+-------------+----------+----------------+----------+----------------------------------------------------------------------------------------------------------------------------------------+
* Slice Loads column represents load cell count of all cell types other than IO, GT and clock resources
** IO Loads column represents load cell count of IO types
*** Clocking Loads column represents load cell count that are clock resources (global clock buffer, MMCM, PLL, etc)
**** GT Loads column represents load cell count of GT types


+----+------+----+-----------------------+
|    | X0   | X1 | HORIZONTAL PROG DELAY |
+----+------+----+-----------------------+
| Y4 |  200 |  9 |                     0 |
| Y3 |    0 |  0 |                     - |
| Y2 |    0 |  0 |                     - |
| Y1 |    0 |  0 |                     - |
| Y0 |    0 |  0 |                     - |
+----+------+----+-----------------------+


11. Device Cell Placement Summary for Global Clock g4
-----------------------------------------------------

+-----------+-----------------+-------------------+---------------------------+-------------+---------------+-------------+----------+----------------+----------+--------------------------------+
| Global Id | Driver Type/Pin | Driver Region (D) | Clock                     | Period (ns) | Waveform (ns) | Slice Loads | IO Loads | Clocking Loads | GT Loads | Net                            |
+-----------+-----------------+-------------------+---------------------------+-------------+---------------+-------------+----------+----------------+----------+--------------------------------+
| g4        | BUFG/O          | n/a               | clk_out1_PCIe_clk_wiz_0_0 |       5.000 | {0.000 2.500} |          62 |        0 |              1 |        0 | PCIe_i/clk_wiz_0/inst/clk_out1 |
+-----------+-----------------+-------------------+---------------------------+-------------+---------------+-------------+----------+----------------+----------+--------------------------------+
* Slice Loads column represents load cell count of all cell types other than IO, GT and clock resources
** IO Loads column represents load cell count of IO types
*** Clocking Loads column represents load cell count that are clock resources (global clock buffer, MMCM, PLL, etc)
**** GT Loads column represents load cell count of GT types


+----+-----+-----+-----------------------+
|    | X0  | X1  | HORIZONTAL PROG DELAY |
+----+-----+-----+-----------------------+
| Y4 |   0 |   0 |                     - |
| Y3 |  46 |   1 |                     0 |
| Y2 |   0 |  16 |                     0 |
| Y1 |   0 |   0 |                     - |
| Y0 |   0 |   0 |                     - |
+----+-----+-----+-----------------------+


12. Device Cell Placement Summary for Global Clock g5
-----------------------------------------------------

+-----------+-----------------+-------------------+---------+-------------+---------------+-------------+----------+----------------+----------+------------------------------------------------------------------------------------------------------------------------+
| Global Id | Driver Type/Pin | Driver Region (D) | Clock   | Period (ns) | Waveform (ns) | Slice Loads | IO Loads | Clocking Loads | GT Loads | Net                                                                                                                    |
+-----------+-----------------+-------------------+---------+-------------+---------------+-------------+----------+----------------+----------+------------------------------------------------------------------------------------------------------------------------+
| g5        | BUFG/O          | n/a               | sys_clk |      10.000 | {0.000 5.000} |           9 |        0 |              0 |        0 | PCIe_i/xdma_0/inst/PCIe_xdma_0_1_pcie2_to_pcie3_wrapper_i/pcie2_ip_i/inst/inst/gt_top_i/pipe_wrapper_i/gt_cpllpdrefclk |
+-----------+-----------------+-------------------+---------+-------------+---------------+-------------+----------+----------------+----------+------------------------------------------------------------------------------------------------------------------------+
* Slice Loads column represents load cell count of all cell types other than IO, GT and clock resources
** IO Loads column represents load cell count of IO types
*** Clocking Loads column represents load cell count that are clock resources (global clock buffer, MMCM, PLL, etc)
**** GT Loads column represents load cell count of GT types


+----+----+----+-----------------------+
|    | X0 | X1 | HORIZONTAL PROG DELAY |
+----+----+----+-----------------------+
| Y4 |  9 |  0 |                     0 |
| Y3 |  0 |  0 |                     - |
| Y2 |  0 |  0 |                     - |
| Y1 |  0 |  0 |                     - |
| Y0 |  0 |  0 |                     - |
+----+----+----+-----------------------+


13. Device Cell Placement Summary for Global Clock g6
-----------------------------------------------------

+-----------+-----------------+-------------------+---------------------------+-------------+---------------+-------------+----------+----------------+----------+-----------------------------------------------------+
| Global Id | Driver Type/Pin | Driver Region (D) | Clock                     | Period (ns) | Waveform (ns) | Slice Loads | IO Loads | Clocking Loads | GT Loads | Net                                                 |
+-----------+-----------------+-------------------+---------------------------+-------------+---------------+-------------+----------+----------------+----------+-----------------------------------------------------+
| g6        | BUFG/O          | n/a               | clkfbout_PCIe_clk_wiz_0_0 |       5.000 | {0.000 2.500} |           0 |        0 |              1 |        0 | PCIe_i/clk_wiz_0/inst/clkfbout_buf_PCIe_clk_wiz_0_0 |
+-----------+-----------------+-------------------+---------------------------+-------------+---------------+-------------+----------+----------------+----------+-----------------------------------------------------+
* Slice Loads column represents load cell count of all cell types other than IO, GT and clock resources
** IO Loads column represents load cell count of IO types
*** Clocking Loads column represents load cell count that are clock resources (global clock buffer, MMCM, PLL, etc)
**** GT Loads column represents load cell count of GT types


+----+----+----+-----------------------+
|    | X0 | X1 | HORIZONTAL PROG DELAY |
+----+----+----+-----------------------+
| Y4 |  0 |  1 |                     0 |
| Y3 |  0 |  0 |                     - |
| Y2 |  0 |  0 |                     - |
| Y1 |  0 |  0 |                     - |
| Y0 |  0 |  0 |                     - |
+----+----+----+-----------------------+


14. Device Cell Placement Summary for Global Clock g7
-----------------------------------------------------

+-----------+-----------------+-------------------+--------------+-------------+---------------+-------------+----------+----------------+----------+--------------------------------------------------------------------------------+
| Global Id | Driver Type/Pin | Driver Region (D) | Clock        | Period (ns) | Waveform (ns) | Slice Loads | IO Loads | Clocking Loads | GT Loads | Net                                                                            |
+-----------+-----------------+-------------------+--------------+-------------+---------------+-------------+----------+----------------+----------+--------------------------------------------------------------------------------+
| g7        | BUFH/O          | X1Y2              | pll_clk3_out |      10.000 | {0.000 5.000} |           0 |        0 |              1 |        0 | PCIe_i/mig_7series_0/u_PCIe_mig_7series_0_0_mig/u_ddr3_infrastructure/pll_clk3 |
+-----------+-----------------+-------------------+--------------+-------------+---------------+-------------+----------+----------------+----------+--------------------------------------------------------------------------------+
* Slice Loads column represents load cell count of all cell types other than IO, GT and clock resources
** IO Loads column represents load cell count of IO types
*** Clocking Loads column represents load cell count that are clock resources (global clock buffer, MMCM, PLL, etc)
**** GT Loads column represents load cell count of GT types


+----+----+--------+-----------------------+
|    | X0 | X1     | HORIZONTAL PROG DELAY |
+----+----+--------+-----------------------+
| Y4 |  0 |      0 |                     - |
| Y3 |  0 |      0 |                     - |
| Y2 |  0 |  (D) 1 |                     0 |
| Y1 |  0 |      0 |                     - |
| Y0 |  0 |      0 |                     - |
+----+----+--------+-----------------------+


15. Device Cell Placement Summary for Global Clock g8
-----------------------------------------------------

+-----------+-----------------+-------------------+---------------+-------------+---------------+-------------+----------+----------------+----------+-------------------------------------------------------------------------------------------------------------------------------------------+
| Global Id | Driver Type/Pin | Driver Region (D) | Clock         | Period (ns) | Waveform (ns) | Slice Loads | IO Loads | Clocking Loads | GT Loads | Net                                                                                                                                       |
+-----------+-----------------+-------------------+---------------+-------------+---------------+-------------+----------+----------------+----------+-------------------------------------------------------------------------------------------------------------------------------------------+
| g8        | BUFG/O          | n/a               | txoutclk_x0y0 |      10.000 | {0.000 5.000} |           0 |        0 |              1 |        0 | PCIe_i/xdma_0/inst/PCIe_xdma_0_1_pcie2_to_pcie3_wrapper_i/pcie2_ip_i/inst/inst/gt_top_i/pipe_wrapper_i/pipe_clock_int.pipe_clock_i/refclk |
+-----------+-----------------+-------------------+---------------+-------------+---------------+-------------+----------+----------------+----------+-------------------------------------------------------------------------------------------------------------------------------------------+
* Slice Loads column represents load cell count of all cell types other than IO, GT and clock resources
** IO Loads column represents load cell count of IO types
*** Clocking Loads column represents load cell count that are clock resources (global clock buffer, MMCM, PLL, etc)
**** GT Loads column represents load cell count of GT types


+----+----+----+-----------------------+
|    | X0 | X1 | HORIZONTAL PROG DELAY |
+----+----+----+-----------------------+
| Y4 |  0 |  0 |                     - |
| Y3 |  0 |  0 |                     - |
| Y2 |  1 |  0 |                     0 |
| Y1 |  0 |  0 |                     - |
| Y0 |  0 |  0 |                     - |
+----+----+----+-----------------------+


16. Clock Region Cell Placement per Global Clock: Region X1Y1
-------------------------------------------------------------

+-----------+-------+-----------------+------------+-------------+-----------------+-----+-------------+------+-----+----+------+-----+---------+---------------------------------------------------------------------------+
| Global Id | Track | Driver Type/Pin | Constraint | Clock Loads | Non-Clock Loads | FF  | Memory LUTs | RAMB | DSP | GT | MMCM | PLL | Hard IP | Net                                                                       |
+-----------+-------+-----------------+------------+-------------+-----------------+-----+-------------+------+-----+----+------+-----+---------+---------------------------------------------------------------------------+
| g1        | n/a   | BUFG/O          | None       |         104 |               0 | 104 |           0 |    0 |   0 |  0 |    0 |   0 |       0 | PCIe_i/mig_7series_0/u_PCIe_mig_7series_0_0_mig/u_ddr3_infrastructure/CLK |
+-----------+-------+-----------------+------------+-------------+-----------------+-----+-------------+------+-----+----+------+-----+---------+---------------------------------------------------------------------------+
* Clock Loads column represents cell count of net connects that connect to a clock pin. Internal cell leaf pins are not considered
** Non-Clock Loads column represents cell count of non-clock pin loads
*** Columns FF, LUTRAM, RAMB through 'Hard IP' represents load cell counts


17. Clock Region Cell Placement per Global Clock: Region X0Y2
-------------------------------------------------------------

+-----------+-------+-----------------+------------+-------------+-----------------+------+-------------+------+-----+----+------+-----+---------+-------------------------------------------------------------------------------------------------------------------------------------------------------------+
| Global Id | Track | Driver Type/Pin | Constraint | Clock Loads | Non-Clock Loads | FF   | Memory LUTs | RAMB | DSP | GT | MMCM | PLL | Hard IP | Net                                                                                                                                                         |
+-----------+-------+-----------------+------------+-------------+-----------------+------+-------------+------+-----+----+------+-----+---------+-------------------------------------------------------------------------------------------------------------------------------------------------------------+
| g0        | n/a   | BUFG/O          | None       |        2825 |               0 | 2804 |          11 |    6 |   0 |  0 |    0 |   0 |       0 | PCIe_i/xdma_0/inst/PCIe_xdma_0_1_pcie2_to_pcie3_wrapper_i/pcie2_ip_i/inst/inst/gt_top_i/pipe_wrapper_i/pipe_clock_int.pipe_clock_i/userclk1_i1.usrclk1_i1_0 |
| g1        | n/a   | BUFG/O          | None       |          65 |               0 |   65 |           0 |    0 |   0 |  0 |    0 |   0 |       0 | PCIe_i/mig_7series_0/u_PCIe_mig_7series_0_0_mig/u_ddr3_infrastructure/CLK                                                                                   |
| g8        | n/a   | BUFG/O          | None       |           1 |               0 |    0 |           0 |    0 |   0 |  0 |    1 |   0 |       0 | PCIe_i/xdma_0/inst/PCIe_xdma_0_1_pcie2_to_pcie3_wrapper_i/pcie2_ip_i/inst/inst/gt_top_i/pipe_wrapper_i/pipe_clock_int.pipe_clock_i/refclk                   |
+-----------+-------+-----------------+------------+-------------+-----------------+------+-------------+------+-----+----+------+-----+---------+-------------------------------------------------------------------------------------------------------------------------------------------------------------+
* Clock Loads column represents cell count of net connects that connect to a clock pin. Internal cell leaf pins are not considered
** Non-Clock Loads column represents cell count of non-clock pin loads
*** Columns FF, LUTRAM, RAMB through 'Hard IP' represents load cell counts


18. Clock Region Cell Placement per Global Clock: Region X1Y2
-------------------------------------------------------------

+-----------+-------+-----------------+------------+-------------+-----------------+------+-------------+------+-----+----+------+-----+---------+-------------------------------------------------------------------------------------------------------------------------------------------------------------+
| Global Id | Track | Driver Type/Pin | Constraint | Clock Loads | Non-Clock Loads | FF   | Memory LUTs | RAMB | DSP | GT | MMCM | PLL | Hard IP | Net                                                                                                                                                         |
+-----------+-------+-----------------+------------+-------------+-----------------+------+-------------+------+-----+----+------+-----+---------+-------------------------------------------------------------------------------------------------------------------------------------------------------------+
| g0        | n/a   | BUFG/O          | None       |        4446 |               0 | 4427 |           2 |   13 |   0 |  0 |    0 |   0 |       0 | PCIe_i/xdma_0/inst/PCIe_xdma_0_1_pcie2_to_pcie3_wrapper_i/pcie2_ip_i/inst/inst/gt_top_i/pipe_wrapper_i/pipe_clock_int.pipe_clock_i/userclk1_i1.usrclk1_i1_0 |
| g1        | n/a   | BUFG/O          | None       |        4942 |               0 | 4658 |         276 |    0 |   0 |  0 |    1 |   0 |       0 | PCIe_i/mig_7series_0/u_PCIe_mig_7series_0_0_mig/u_ddr3_infrastructure/CLK                                                                                   |
| g4        | n/a   | BUFG/O          | None       |          16 |               0 |   15 |           0 |    0 |   0 |  0 |    0 |   1 |       0 | PCIe_i/clk_wiz_0/inst/clk_out1                                                                                                                              |
| g7        | n/a   | BUFH/O          | None       |           1 |               0 |    0 |           0 |    0 |   0 |  0 |    1 |   0 |       0 | PCIe_i/mig_7series_0/u_PCIe_mig_7series_0_0_mig/u_ddr3_infrastructure/pll_clk3                                                                              |
+-----------+-------+-----------------+------------+-------------+-----------------+------+-------------+------+-----+----+------+-----+---------+-------------------------------------------------------------------------------------------------------------------------------------------------------------+
* Clock Loads column represents cell count of net connects that connect to a clock pin. Internal cell leaf pins are not considered
** Non-Clock Loads column represents cell count of non-clock pin loads
*** Columns FF, LUTRAM, RAMB through 'Hard IP' represents load cell counts


19. Clock Region Cell Placement per Global Clock: Region X0Y3
-------------------------------------------------------------

+-----------+-------+-----------------+------------+-------------+-----------------+------+-------------+------+-----+----+------+-----+---------+-------------------------------------------------------------------------------------------------------------------------------------------------------------+
| Global Id | Track | Driver Type/Pin | Constraint | Clock Loads | Non-Clock Loads | FF   | Memory LUTs | RAMB | DSP | GT | MMCM | PLL | Hard IP | Net                                                                                                                                                         |
+-----------+-------+-----------------+------------+-------------+-----------------+------+-------------+------+-----+----+------+-----+---------+-------------------------------------------------------------------------------------------------------------------------------------------------------------+
| g0        | n/a   | BUFG/O          | None       |        5638 |               0 | 5631 |           0 |    6 |   0 |  0 |    0 |   0 |       0 | PCIe_i/xdma_0/inst/PCIe_xdma_0_1_pcie2_to_pcie3_wrapper_i/pcie2_ip_i/inst/inst/gt_top_i/pipe_wrapper_i/pipe_clock_int.pipe_clock_i/userclk1_i1.usrclk1_i1_0 |
| g1        | n/a   | BUFG/O          | None       |         307 |               0 |  307 |           0 |    0 |   0 |  0 |    0 |   0 |       0 | PCIe_i/mig_7series_0/u_PCIe_mig_7series_0_0_mig/u_ddr3_infrastructure/CLK                                                                                   |
| g4        | n/a   | BUFG/O          | None       |          46 |               0 |   45 |           0 |    0 |   0 |  0 |    0 |   0 |       0 | PCIe_i/clk_wiz_0/inst/clk_out1                                                                                                                              |
+-----------+-------+-----------------+------------+-------------+-----------------+------+-------------+------+-----+----+------+-----+---------+-------------------------------------------------------------------------------------------------------------------------------------------------------------+
* Clock Loads column represents cell count of net connects that connect to a clock pin. Internal cell leaf pins are not considered
** Non-Clock Loads column represents cell count of non-clock pin loads
*** Columns FF, LUTRAM, RAMB through 'Hard IP' represents load cell counts


20. Clock Region Cell Placement per Global Clock: Region X1Y3
-------------------------------------------------------------

+-----------+-------+-----------------+------------+-------------+-----------------+------+-------------+------+-----+----+------+-----+---------+-------------------------------------------------------------------------------------------------------------------------------------------------------------+
| Global Id | Track | Driver Type/Pin | Constraint | Clock Loads | Non-Clock Loads | FF   | Memory LUTs | RAMB | DSP | GT | MMCM | PLL | Hard IP | Net                                                                                                                                                         |
+-----------+-------+-----------------+------------+-------------+-----------------+------+-------------+------+-----+----+------+-----+---------+-------------------------------------------------------------------------------------------------------------------------------------------------------------+
| g0        | n/a   | BUFG/O          | None       |        8492 |               0 | 8487 |           0 |    5 |   0 |  0 |    0 |   0 |       0 | PCIe_i/xdma_0/inst/PCIe_xdma_0_1_pcie2_to_pcie3_wrapper_i/pcie2_ip_i/inst/inst/gt_top_i/pipe_wrapper_i/pipe_clock_int.pipe_clock_i/userclk1_i1.usrclk1_i1_0 |
| g1        | n/a   | BUFG/O          | None       |        1519 |               0 | 1468 |           2 |    0 |   0 |  0 |    0 |   0 |       0 | PCIe_i/mig_7series_0/u_PCIe_mig_7series_0_0_mig/u_ddr3_infrastructure/CLK                                                                                   |
| g4        | n/a   | BUFG/O          | None       |           1 |               0 |    0 |           0 |    0 |   0 |  0 |    0 |   0 |       0 | PCIe_i/clk_wiz_0/inst/clk_out1                                                                                                                              |
+-----------+-------+-----------------+------------+-------------+-----------------+------+-------------+------+-----+----+------+-----+---------+-------------------------------------------------------------------------------------------------------------------------------------------------------------+
* Clock Loads column represents cell count of net connects that connect to a clock pin. Internal cell leaf pins are not considered
** Non-Clock Loads column represents cell count of non-clock pin loads
*** Columns FF, LUTRAM, RAMB through 'Hard IP' represents load cell counts


21. Clock Region Cell Placement per Global Clock: Region X0Y4
-------------------------------------------------------------

+-----------+-------+-----------------+------------+-------------+-----------------+-----+-------------+------+-----+----+------+-----+---------+---------------------------------------------------------------------------------------------------------------------------------------------------------------+
| Global Id | Track | Driver Type/Pin | Constraint | Clock Loads | Non-Clock Loads | FF  | Memory LUTs | RAMB | DSP | GT | MMCM | PLL | Hard IP | Net                                                                                                                                                           |
+-----------+-------+-----------------+------------+-------------+-----------------+-----+-------------+------+-----+----+------+-----+---------+---------------------------------------------------------------------------------------------------------------------------------------------------------------+
| g0        | n/a   | BUFG/O          | None       |         335 |               0 | 326 |           0 |    8 |   0 |  0 |    0 |   0 |       1 | PCIe_i/xdma_0/inst/PCIe_xdma_0_1_pcie2_to_pcie3_wrapper_i/pcie2_ip_i/inst/inst/gt_top_i/pipe_wrapper_i/pipe_clock_int.pipe_clock_i/userclk1_i1.usrclk1_i1_0   |
| g2        | n/a   | BUFGCTRL/O      | None       |         610 |               0 | 601 |           6 |    0 |   0 |  2 |    0 |   0 |       1 | PCIe_i/xdma_0/inst/PCIe_xdma_0_1_pcie2_to_pcie3_wrapper_i/pcie2_ip_i/inst/inst/gt_top_i/pipe_wrapper_i/pipe_clock_int.pipe_clock_i/pclk_i1_bufgctrl.pclk_i1_0 |
| g3        | n/a   | BUFG/O          | None       |         200 |               0 | 197 |           0 |    0 |   0 |  2 |    0 |   0 |       0 | PCIe_i/xdma_0/inst/PCIe_xdma_0_1_pcie2_to_pcie3_wrapper_i/pcie2_ip_i/inst/inst/gt_top_i/pipe_wrapper_i/pipe_clock_int.pipe_clock_i/CLK                        |
| g5        | n/a   | BUFG/O          | None       |           9 |               0 |   2 |           7 |    0 |   0 |  0 |    0 |   0 |       0 | PCIe_i/xdma_0/inst/PCIe_xdma_0_1_pcie2_to_pcie3_wrapper_i/pcie2_ip_i/inst/inst/gt_top_i/pipe_wrapper_i/gt_cpllpdrefclk                                        |
+-----------+-------+-----------------+------------+-------------+-----------------+-----+-------------+------+-----+----+------+-----+---------+---------------------------------------------------------------------------------------------------------------------------------------------------------------+
* Clock Loads column represents cell count of net connects that connect to a clock pin. Internal cell leaf pins are not considered
** Non-Clock Loads column represents cell count of non-clock pin loads
*** Columns FF, LUTRAM, RAMB through 'Hard IP' represents load cell counts


22. Clock Region Cell Placement per Global Clock: Region X1Y4
-------------------------------------------------------------

+-----------+-------+-----------------+------------+-------------+-----------------+-----+-------------+------+-----+----+------+-----+---------+-------------------------------------------------------------------------------------------------------------------------------------------------------------+
| Global Id | Track | Driver Type/Pin | Constraint | Clock Loads | Non-Clock Loads | FF  | Memory LUTs | RAMB | DSP | GT | MMCM | PLL | Hard IP | Net                                                                                                                                                         |
+-----------+-------+-----------------+------------+-------------+-----------------+-----+-------------+------+-----+----+------+-----+---------+-------------------------------------------------------------------------------------------------------------------------------------------------------------+
| g0        | n/a   | BUFG/O          | None       |         745 |               0 | 745 |           0 |    0 |   0 |  0 |    0 |   0 |       0 | PCIe_i/xdma_0/inst/PCIe_xdma_0_1_pcie2_to_pcie3_wrapper_i/pcie2_ip_i/inst/inst/gt_top_i/pipe_wrapper_i/pipe_clock_int.pipe_clock_i/userclk1_i1.usrclk1_i1_0 |
| g3        | n/a   | BUFG/O          | None       |           9 |               0 |   9 |           0 |    0 |   0 |  0 |    0 |   0 |       0 | PCIe_i/xdma_0/inst/PCIe_xdma_0_1_pcie2_to_pcie3_wrapper_i/pcie2_ip_i/inst/inst/gt_top_i/pipe_wrapper_i/pipe_clock_int.pipe_clock_i/CLK                      |
| g6        | n/a   | BUFG/O          | None       |           1 |               0 |   0 |           0 |    0 |   0 |  0 |    1 |   0 |       0 | PCIe_i/clk_wiz_0/inst/clkfbout_buf_PCIe_clk_wiz_0_0                                                                                                         |
+-----------+-------+-----------------+------------+-------------+-----------------+-----+-------------+------+-----+----+------+-----+---------+-------------------------------------------------------------------------------------------------------------------------------------------------------------+
* Clock Loads column represents cell count of net connects that connect to a clock pin. Internal cell leaf pins are not considered
** Non-Clock Loads column represents cell count of non-clock pin loads
*** Columns FF, LUTRAM, RAMB through 'Hard IP' represents load cell counts



# Location of BUFG Primitives 
set_property LOC BUFGCTRL_X0Y0 [get_cells PCIe_i/xdma_0/inst/PCIe_xdma_0_1_pcie2_to_pcie3_wrapper_i/pcie2_ip_i/inst/inst/gt_top_i/pipe_wrapper_i/pipe_clock_int.pipe_clock_i/userclk1_i1.usrclk1_i1]
set_property LOC BUFGCTRL_X0Y19 [get_cells PCIe_i/xdma_0/inst/PCIe_xdma_0_1_pcie2_to_pcie3_wrapper_i/pcie2_ip_i/inst/inst/gt_top_i/pipe_wrapper_i/pipe_clock_int.pipe_clock_i/txoutclk_i.txoutclk_i]
set_property LOC BUFGCTRL_X0Y2 [get_cells PCIe_i/xdma_0/inst/PCIe_xdma_0_1_pcie2_to_pcie3_wrapper_i/pcie2_ip_i/inst/inst/gt_top_i/pipe_wrapper_i/pipe_clock_int.pipe_clock_i/pclk_i1_bufgctrl.pclk_i1]
set_property LOC BUFGCTRL_X0Y3 [get_cells PCIe_i/xdma_0/inst/PCIe_xdma_0_1_pcie2_to_pcie3_wrapper_i/pcie2_ip_i/inst/inst/gt_top_i/pipe_wrapper_i/pipe_clock_int.pipe_clock_i/dclk_i_bufg.dclk_i]
set_property LOC BUFGCTRL_X0Y17 [get_cells PCIe_i/xdma_0/inst/PCIe_xdma_0_1_pcie2_to_pcie3_wrapper_i/pcie2_ip_i/inst/inst/gt_top_i/pipe_wrapper_i/cpllpd_refclk_inst]
set_property LOC BUFGCTRL_X0Y1 [get_cells PCIe_i/mig_7series_0/u_PCIe_mig_7series_0_0_mig/u_ddr3_infrastructure/u_bufg_clkdiv0]
set_property LOC BUFGCTRL_X0Y18 [get_cells PCIe_i/clk_wiz_0/inst/clkf_buf]
set_property LOC BUFGCTRL_X0Y16 [get_cells PCIe_i/clk_wiz_0/inst/clkout1_buf]

# Location of BUFH Primitives 
set_property LOC BUFHCE_X1Y24 [get_cells PCIe_i/mig_7series_0/u_PCIe_mig_7series_0_0_mig/u_ddr3_infrastructure/u_bufh_pll_clk3]

# Location of IO Primitives which is load of clock spine

# Location of clock ports
set_property LOC IPAD_X1Y47 [get_ports sys_clk_clk_n[0]]
set_property LOC IPAD_X1Y46 [get_ports sys_clk_clk_p[0]]
set_property LOC IOB_X1Y123 [get_ports sys_ddr_clk_n]
set_property LOC IOB_X1Y124 [get_ports sys_ddr_clk_p]

# Clock net "PCIe_i/xdma_0/inst/PCIe_xdma_0_1_pcie2_to_pcie3_wrapper_i/pcie2_ip_i/inst/inst/gt_top_i/pipe_wrapper_i/pipe_clock_int.pipe_clock_i/userclk1_i1.usrclk1_i1_0" driven by instance "PCIe_i/xdma_0/inst/PCIe_xdma_0_1_pcie2_to_pcie3_wrapper_i/pcie2_ip_i/inst/inst/gt_top_i/pipe_wrapper_i/pipe_clock_int.pipe_clock_i/userclk1_i1.usrclk1_i1" located at site "BUFGCTRL_X0Y0"
#startgroup
create_pblock {CLKAG_PCIe_i/xdma_0/inst/PCIe_xdma_0_1_pcie2_to_pcie3_wrapper_i/pcie2_ip_i/inst/inst/gt_top_i/pipe_wrapper_i/pipe_clock_int.pipe_clock_i/userclk1_i1.usrclk1_i1_0}
add_cells_to_pblock [get_pblocks  {CLKAG_PCIe_i/xdma_0/inst/PCIe_xdma_0_1_pcie2_to_pcie3_wrapper_i/pcie2_ip_i/inst/inst/gt_top_i/pipe_wrapper_i/pipe_clock_int.pipe_clock_i/userclk1_i1.usrclk1_i1_0}] [get_cells -filter { PRIMITIVE_GROUP != I/O && IS_PRIMITIVE==1 && PRIMITIVE_LEVEL !=INTERNAL } -of_object [get_pins -filter {DIRECTION==IN} -of_objects [get_nets -hierarchical -filter {PARENT=="PCIe_i/xdma_0/inst/PCIe_xdma_0_1_pcie2_to_pcie3_wrapper_i/pcie2_ip_i/inst/inst/gt_top_i/pipe_wrapper_i/pipe_clock_int.pipe_clock_i/userclk1_i1.usrclk1_i1_0"}]]]
resize_pblock [get_pblocks {CLKAG_PCIe_i/xdma_0/inst/PCIe_xdma_0_1_pcie2_to_pcie3_wrapper_i/pcie2_ip_i/inst/inst/gt_top_i/pipe_wrapper_i/pipe_clock_int.pipe_clock_i/userclk1_i1.usrclk1_i1_0}] -add {CLOCKREGION_X0Y2:CLOCKREGION_X0Y2 CLOCKREGION_X0Y3:CLOCKREGION_X0Y3 CLOCKREGION_X0Y4:CLOCKREGION_X0Y4 CLOCKREGION_X1Y2:CLOCKREGION_X1Y2 CLOCKREGION_X1Y3:CLOCKREGION_X1Y3 CLOCKREGION_X1Y4:CLOCKREGION_X1Y4}
#endgroup

# Clock net "PCIe_i/xdma_0/inst/PCIe_xdma_0_1_pcie2_to_pcie3_wrapper_i/pcie2_ip_i/inst/inst/gt_top_i/pipe_wrapper_i/pipe_clock_int.pipe_clock_i/pclk_i1_bufgctrl.pclk_i1_0" driven by instance "PCIe_i/xdma_0/inst/PCIe_xdma_0_1_pcie2_to_pcie3_wrapper_i/pcie2_ip_i/inst/inst/gt_top_i/pipe_wrapper_i/pipe_clock_int.pipe_clock_i/pclk_i1_bufgctrl.pclk_i1" located at site "BUFGCTRL_X0Y2"
#startgroup
create_pblock {CLKAG_PCIe_i/xdma_0/inst/PCIe_xdma_0_1_pcie2_to_pcie3_wrapper_i/pcie2_ip_i/inst/inst/gt_top_i/pipe_wrapper_i/pipe_clock_int.pipe_clock_i/pclk_i1_bufgctrl.pclk_i1_0}
add_cells_to_pblock [get_pblocks  {CLKAG_PCIe_i/xdma_0/inst/PCIe_xdma_0_1_pcie2_to_pcie3_wrapper_i/pcie2_ip_i/inst/inst/gt_top_i/pipe_wrapper_i/pipe_clock_int.pipe_clock_i/pclk_i1_bufgctrl.pclk_i1_0}] [get_cells -filter { PRIMITIVE_GROUP != I/O && IS_PRIMITIVE==1 && PRIMITIVE_LEVEL !=INTERNAL } -of_object [get_pins -filter {DIRECTION==IN} -of_objects [get_nets -hierarchical -filter {PARENT=="PCIe_i/xdma_0/inst/PCIe_xdma_0_1_pcie2_to_pcie3_wrapper_i/pcie2_ip_i/inst/inst/gt_top_i/pipe_wrapper_i/pipe_clock_int.pipe_clock_i/pclk_i1_bufgctrl.pclk_i1_0"}]]]
resize_pblock [get_pblocks {CLKAG_PCIe_i/xdma_0/inst/PCIe_xdma_0_1_pcie2_to_pcie3_wrapper_i/pcie2_ip_i/inst/inst/gt_top_i/pipe_wrapper_i/pipe_clock_int.pipe_clock_i/pclk_i1_bufgctrl.pclk_i1_0}] -add {CLOCKREGION_X0Y4:CLOCKREGION_X0Y4}
#endgroup

# Clock net "PCIe_i/xdma_0/inst/PCIe_xdma_0_1_pcie2_to_pcie3_wrapper_i/pcie2_ip_i/inst/inst/gt_top_i/pipe_wrapper_i/pipe_clock_int.pipe_clock_i/CLK" driven by instance "PCIe_i/xdma_0/inst/PCIe_xdma_0_1_pcie2_to_pcie3_wrapper_i/pcie2_ip_i/inst/inst/gt_top_i/pipe_wrapper_i/pipe_clock_int.pipe_clock_i/dclk_i_bufg.dclk_i" located at site "BUFGCTRL_X0Y3"
#startgroup
create_pblock {CLKAG_PCIe_i/xdma_0/inst/PCIe_xdma_0_1_pcie2_to_pcie3_wrapper_i/pcie2_ip_i/inst/inst/gt_top_i/pipe_wrapper_i/pipe_clock_int.pipe_clock_i/CLK}
add_cells_to_pblock [get_pblocks  {CLKAG_PCIe_i/xdma_0/inst/PCIe_xdma_0_1_pcie2_to_pcie3_wrapper_i/pcie2_ip_i/inst/inst/gt_top_i/pipe_wrapper_i/pipe_clock_int.pipe_clock_i/CLK}] [get_cells -filter { PRIMITIVE_GROUP != I/O && IS_PRIMITIVE==1 && PRIMITIVE_LEVEL !=INTERNAL } -of_object [get_pins -filter {DIRECTION==IN} -of_objects [get_nets -hierarchical -filter {PARENT=="PCIe_i/xdma_0/inst/PCIe_xdma_0_1_pcie2_to_pcie3_wrapper_i/pcie2_ip_i/inst/inst/gt_top_i/pipe_wrapper_i/pipe_clock_int.pipe_clock_i/CLK"}]]]
resize_pblock [get_pblocks {CLKAG_PCIe_i/xdma_0/inst/PCIe_xdma_0_1_pcie2_to_pcie3_wrapper_i/pcie2_ip_i/inst/inst/gt_top_i/pipe_wrapper_i/pipe_clock_int.pipe_clock_i/CLK}] -add {CLOCKREGION_X0Y4:CLOCKREGION_X0Y4 CLOCKREGION_X1Y4:CLOCKREGION_X1Y4}
#endgroup

# Clock net "PCIe_i/xdma_0/inst/PCIe_xdma_0_1_pcie2_to_pcie3_wrapper_i/pcie2_ip_i/inst/inst/gt_top_i/pipe_wrapper_i/gt_cpllpdrefclk" driven by instance "PCIe_i/xdma_0/inst/PCIe_xdma_0_1_pcie2_to_pcie3_wrapper_i/pcie2_ip_i/inst/inst/gt_top_i/pipe_wrapper_i/cpllpd_refclk_inst" located at site "BUFGCTRL_X0Y17"
#startgroup
create_pblock {CLKAG_PCIe_i/xdma_0/inst/PCIe_xdma_0_1_pcie2_to_pcie3_wrapper_i/pcie2_ip_i/inst/inst/gt_top_i/pipe_wrapper_i/gt_cpllpdrefclk}
add_cells_to_pblock [get_pblocks  {CLKAG_PCIe_i/xdma_0/inst/PCIe_xdma_0_1_pcie2_to_pcie3_wrapper_i/pcie2_ip_i/inst/inst/gt_top_i/pipe_wrapper_i/gt_cpllpdrefclk}] [get_cells -filter { PRIMITIVE_GROUP != I/O && IS_PRIMITIVE==1 && PRIMITIVE_LEVEL !=INTERNAL } -of_object [get_pins -filter {DIRECTION==IN} -of_objects [get_nets -hierarchical -filter {PARENT=="PCIe_i/xdma_0/inst/PCIe_xdma_0_1_pcie2_to_pcie3_wrapper_i/pcie2_ip_i/inst/inst/gt_top_i/pipe_wrapper_i/gt_cpllpdrefclk"}]]]
resize_pblock [get_pblocks {CLKAG_PCIe_i/xdma_0/inst/PCIe_xdma_0_1_pcie2_to_pcie3_wrapper_i/pcie2_ip_i/inst/inst/gt_top_i/pipe_wrapper_i/gt_cpllpdrefclk}] -add {CLOCKREGION_X0Y4:CLOCKREGION_X0Y4}
#endgroup

# Clock net "PCIe_i/mig_7series_0/u_PCIe_mig_7series_0_0_mig/u_ddr3_infrastructure/CLK" driven by instance "PCIe_i/mig_7series_0/u_PCIe_mig_7series_0_0_mig/u_ddr3_infrastructure/u_bufg_clkdiv0" located at site "BUFGCTRL_X0Y1"
#startgroup
create_pblock {CLKAG_PCIe_i/mig_7series_0/u_PCIe_mig_7series_0_0_mig/u_ddr3_infrastructure/CLK}
add_cells_to_pblock [get_pblocks  {CLKAG_PCIe_i/mig_7series_0/u_PCIe_mig_7series_0_0_mig/u_ddr3_infrastructure/CLK}] [get_cells -filter { PRIMITIVE_GROUP != I/O && IS_PRIMITIVE==1 && PRIMITIVE_LEVEL !=INTERNAL && NAME!=PCIe_i/mig_7series_0/u_PCIe_mig_7series_0_0_mig/u_ddr3_infrastructure/gen_mmcm.mmcm_i} -of_object [get_pins -filter {DIRECTION==IN} -of_objects [get_nets -hierarchical -filter {PARENT=="PCIe_i/mig_7series_0/u_PCIe_mig_7series_0_0_mig/u_ddr3_infrastructure/CLK"}]]]
resize_pblock [get_pblocks {CLKAG_PCIe_i/mig_7series_0/u_PCIe_mig_7series_0_0_mig/u_ddr3_infrastructure/CLK}] -add {CLOCKREGION_X0Y2:CLOCKREGION_X0Y2 CLOCKREGION_X0Y3:CLOCKREGION_X0Y3 CLOCKREGION_X1Y1:CLOCKREGION_X1Y1 CLOCKREGION_X1Y2:CLOCKREGION_X1Y2 CLOCKREGION_X1Y3:CLOCKREGION_X1Y3}
#endgroup

# Clock net "PCIe_i/clk_wiz_0/inst/clk_out1" driven by instance "PCIe_i/clk_wiz_0/inst/clkout1_buf" located at site "BUFGCTRL_X0Y16"
#startgroup
create_pblock {CLKAG_PCIe_i/clk_wiz_0/inst/clk_out1}
add_cells_to_pblock [get_pblocks  {CLKAG_PCIe_i/clk_wiz_0/inst/clk_out1}] [get_cells -filter { PRIMITIVE_GROUP != I/O && IS_PRIMITIVE==1 && PRIMITIVE_LEVEL !=INTERNAL && NAME!=PCIe_i/mig_7series_0/u_PCIe_mig_7series_0_0_mig/u_ddr3_infrastructure/plle2_i} -of_object [get_pins -filter {DIRECTION==IN} -of_objects [get_nets -hierarchical -filter {PARENT=="PCIe_i/clk_wiz_0/inst/clk_out1"}]]]
resize_pblock [get_pblocks {CLKAG_PCIe_i/clk_wiz_0/inst/clk_out1}] -add {CLOCKREGION_X0Y3:CLOCKREGION_X0Y3 CLOCKREGION_X1Y2:CLOCKREGION_X1Y2 CLOCKREGION_X1Y3:CLOCKREGION_X1Y3}
#endgroup
